<?xml version="1.0" encoding="UTF-8"?>
<testsuite xmlns:xsi="http://www.w3.org/2001/XMLSchema-instance" xsi:noNamespaceSchemaLocation="https://maven.apache.org/surefire/maven-surefire-plugin/xsd/surefire-test-report.xsd" version="3.0.2" name="com.example.easymytrip.EasymytripApplicationTests" time="1.225" tests="1" errors="0" skipped="0" failures="0">
  <properties>
[...]
</properties>
  <testcase name="contextLoads" classname="com.example.easymytrip.EasymytripApplicationTests" time="0.36">
    <system-out><![CDATA[10:06:58.029 [main] INFO org.springframework.test.context.support.AnnotationConfigContextLoaderUtils -- Could not detect default configuration classes for test class [com.example.easymytrip.EasymytripApplicationTests]: EasymytripApplicationTests does not declare any static, non-private, non-final, nested classes annotated with @Configuration.
10:06:58.072 [main] INFO org.springframework.boot.test.context.SpringBootTestContextBootstrapper -- Found @SpringBootConfiguration com.example.easymytrip.EasymytripApplication for test class com.example.easymytrip.EasymytripApplicationTests

  .   ____          _            __ _ _
 /\\ / ___'_ __ _ _(_)_ __  __ _ \ \ \ \
( ( )\___ | '_ | '_| | '_ \/ _` | \ \ \ \
 \\/  ___)| |_)| | | | | || (_| |  ) ) ) )
  '  |____| .__|_| |_|_| |_\__, | / / / /
 =========|_|==============|___/=/_/_/_/

 :: Spring Boot ::               (v3.5.10)

2026-02-17T10:06:58.256+05:30  INFO 68148 --- [easymytrip] [           main] c.e.e.EasymytripApplicationTests         : Starting EasymytripApplicationTests using Java 22.0.2 with PID 68148 (started by satyampandey in /Users/satyampandey/Downloads/easymytrip)
2026-02-17T10:06:58.256+05:30  INFO 68148 --- [easymytrip] [           main] c.e.e.EasymytripApplicationTests         : No active profile set, falling back to 1 default profile: "default"
2026-02-17T10:06:58.765+05:30  INFO 68148 --- [easymytrip] [           main] o.s.b.a.e.web.EndpointLinksResolver      : Exposing 1 endpoint beneath base path '/actuator'
2026-02-17T10:06:58.788+05:30  INFO 68148 --- [easymytrip] [           main] c.e.e.EasymytripApplicationTests         : Started EasymytripApplicationTests in 0.661 seconds (process running for 1.034)
]]></system-out>
    <system-err><![CDATA[Mockito is currently self-attaching to enable the inline-mock-maker. This will no longer work in future releases of the JDK. Please add Mockito as an agent to your build as described in Mockito's documentation: https://javadoc.io/doc/org.mockito/mockito-core/latest/org.mockito/org/mockito/Mockito.html#0.3
WARNING: A Java agent has been loaded dynamically (/Users/satyampandey/.m2/repository/net/bytebuddy/byte-buddy-agent/1.17.8/byte-buddy-agent-1.17.8.jar)
WARNING: If a serviceability tool is in use, please run with -XX:+EnableDynamicAgentLoading to hide this warning
WARNING: If a serviceability tool is not in use, please run with -Djdk.instrument.traceUsage for more information
WARNING: Dynamic loading of agents will be disallowed by default in a future release
]]></system-err>
  </testcase>
</testsuite>